     1: #include <htc.h>
     2: #define _XTAL_FREQ 1000000
     3: 
     4: int main()
     5: {
     6:     unsigned int resulADC=0;
     7:     //configuracion de pines
     8:     TRISA = 0b00000001;
     9:     TRISB = 0b00000000;
    10:     TRISD = 0b00000000;
    11: 
    12:     ADCON1 = 0b10001110;
    13:     ADCON0 = 0b01000001;
    14: 
    15:     ADIE = 0;
    16: 
    17:     GO = 1;
    18:     for (;;)
    19:     {
    20:         while (GO)
    21:         {
    22:             //esperar
    23:         }
    24:         resulADC= ADRESH << 8 | ADRESL;
    25:         PORTB=resulADC%256;
    26:         RD6=1;
    27:         __delay_ms(100);
    28:         RD6=0;
    29:         PORTB=resulADC/256;
    30:         RD7=1;
    31:         __delay_ms(100);
    32:         RD7=0;
    33:         GO=1;
    34:     }
    35: 
    36:     return 0;
    37: }